<?xml version="1.0" encoding="UTF-8" ?>
<testsuite tests="56" failures="0" name="ca.uqam.inf2015.projetagile.DollarTest" time="0.247" errors="0" skipped="0">
  <properties>
    <property name="java.runtime.name" value="Java(TM) SE Runtime Environment"/>
    <property name="sun.boot.library.path" value="C:\Program Files\Java\jdk1.8.0_121\jre\bin"/>
    <property name="java.vm.version" value="25.121-b13"/>
    <property name="user.country.format" value="CA"/>
    <property name="java.vm.vendor" value="Oracle Corporation"/>
    <property name="java.vendor.url" value="http://java.oracle.com/"/>
    <property name="path.separator" value=";"/>
    <property name="guice.disable.misplaced.annotation.check" value="true"/>
    <property name="java.vm.name" value="Java HotSpot(TM) 64-Bit Server VM"/>
    <property name="file.encoding.pkg" value="sun.io"/>
    <property name="user.script" value=""/>
    <property name="user.country" value="US"/>
    <property name="sun.java.launcher" value="SUN_STANDARD"/>
    <property name="sun.os.patch.level" value="Service Pack 1"/>
    <property name="java.vm.specification.name" value="Java Virtual Machine Specification"/>
    <property name="user.dir" value="C:\Users\rene\Documents\NetBeansProjects\equipe13"/>
    <property name="java.runtime.version" value="1.8.0_121-b13"/>
    <property name="java.awt.graphicsenv" value="sun.awt.Win32GraphicsEnvironment"/>
    <property name="java.endorsed.dirs" value="C:\Program Files\Java\jdk1.8.0_121\jre\lib\endorsed"/>
    <property name="os.arch" value="amd64"/>
    <property name="java.io.tmpdir" value="C:\Users\rene\AppData\Local\Temp\"/>
    <property name="line.separator" value="
"/>
    <property name="java.vm.specification.vendor" value="Oracle Corporation"/>
    <property name="user.variant" value=""/>
    <property name="os.name" value="Windows 7"/>
    <property name="maven.ext.class.path" value="C:\Program Files\NetBeans 8.1\java\maven-nblib\netbeans-eventspy.jar"/>
    <property name="classworlds.conf" value="C:\Program Files\NetBeans 8.1\java\maven\bin\m2.conf"/>
    <property name="sun.jnu.encoding" value="Cp1252"/>
    <property name="java.library.path" value="C:\Program Files\Java\jdk1.8.0_121\bin;C:\Windows\Sun\Java\bin;C:\Windows\system32;C:\Windows;C:\ProgramData\Oracle\Java\javapath;C:\Windows\system32;C:\Windows;C:\Windows\System32\Wbem;C:\Windows\System32\WindowsPowerShell\v1.0\;C:\Program Files\MiKTeX 2.9\miktex\bin\x64\;C:\Users\rene\Anaconda3;C:\Users\rene\Anaconda3\Scripts;C:\Users\rene\Anaconda3\Library\bin;."/>
    <property name="java.specification.name" value="Java Platform API Specification"/>
    <property name="java.class.version" value="52.0"/>
    <property name="sun.management.compiler" value="HotSpot 64-Bit Tiered Compilers"/>
    <property name="skipTests" value="false"/>
    <property name="os.version" value="6.1"/>
    <property name="user.home" value="C:\Users\rene"/>
    <property name="user.timezone" value="America/New_York"/>
    <property name="java.awt.printerjob" value="sun.awt.windows.WPrinterJob"/>
    <property name="java.specification.version" value="1.8"/>
    <property name="file.encoding" value="UTF-8"/>
    <property name="user.name" value="rene"/>
    <property name="java.class.path" value="C:\Program Files\NetBeans 8.1\java\maven\boot\plexus-classworlds-2.4.jar"/>
    <property name="java.vm.specification.version" value="1.8"/>
    <property name="sun.arch.data.model" value="64"/>
    <property name="java.home" value="C:\Program Files\Java\jdk1.8.0_121\jre"/>
    <property name="sun.java.command" value="org.codehaus.plexus.classworlds.launcher.Launcher -DskipTests=false -Dmaven.ext.class.path=C:\Program Files\NetBeans 8.1\java\maven-nblib\netbeans-eventspy.jar -Dfile.encoding=UTF-8 clean verify"/>
    <property name="java.specification.vendor" value="Oracle Corporation"/>
    <property name="user.language" value="en"/>
    <property name="user.language.format" value="fr"/>
    <property name="awt.toolkit" value="sun.awt.windows.WToolkit"/>
    <property name="java.vm.info" value="mixed mode"/>
    <property name="java.version" value="1.8.0_121"/>
    <property name="java.ext.dirs" value="C:\Program Files\Java\jdk1.8.0_121\jre\lib\ext;C:\Windows\Sun\Java\lib\ext"/>
    <property name="sun.boot.class.path" value="C:\Program Files\Java\jdk1.8.0_121\jre\lib\resources.jar;C:\Program Files\Java\jdk1.8.0_121\jre\lib\rt.jar;C:\Program Files\Java\jdk1.8.0_121\jre\lib\sunrsasign.jar;C:\Program Files\Java\jdk1.8.0_121\jre\lib\jsse.jar;C:\Program Files\Java\jdk1.8.0_121\jre\lib\jce.jar;C:\Program Files\Java\jdk1.8.0_121\jre\lib\charsets.jar;C:\Program Files\Java\jdk1.8.0_121\jre\lib\jfr.jar;C:\Program Files\Java\jdk1.8.0_121\jre\classes"/>
    <property name="java.vendor" value="Oracle Corporation"/>
    <property name="maven.home" value="C:\Program Files\NetBeans 8.1\java\maven"/>
    <property name="file.separator" value="\"/>
    <property name="java.vendor.url.bug" value="http://bugreport.sun.com/bugreport/"/>
    <property name="sun.cpu.endian" value="little"/>
    <property name="sun.io.unicode.encoding" value="UnicodeLittle"/>
    <property name="sun.desktop" value="windows"/>
    <property name="sun.cpu.isalist" value="amd64"/>
  </properties>
  <testcase classname="ca.uqam.inf2015.projetagile.DollarTest" name="testCalculerRemboursementNormal" time="0.005"/>
  <testcase classname="ca.uqam.inf2015.projetagile.DollarTest" name="testConvertirDoubleEnIntNormal" time="0"/>
  <testcase classname="ca.uqam.inf2015.projetagile.DollarTest" name="testConvertirStringDollarEnDoubleNormal" time="0"/>
  <testcase classname="ca.uqam.inf2015.projetagile.DollarTest" name="testConvertirDoubleEnStringDollarNul" time="0"/>
  <testcase classname="ca.uqam.inf2015.projetagile.DollarTest" name="testConvertirStringDollarEnIntGrand" time="0"/>
  <testcase classname="ca.uqam.inf2015.projetagile.DollarTest" name="testConvertirStringDollarEnIntPetit" time="0"/>
  <testcase classname="ca.uqam.inf2015.projetagile.DollarTest" name="testConvertirStringDollarEnDoubleGrand" time="0"/>
  <testcase classname="ca.uqam.inf2015.projetagile.DollarTest" name="testConvertirStringDollarEnDoublePetit" time="0"/>
  <testcase classname="ca.uqam.inf2015.projetagile.DollarTest" name="testCalculerRemboursementGrandMontant" time="0"/>
  <testcase classname="ca.uqam.inf2015.projetagile.DollarTest" name="testConvertirDoubleEnIntnul" time="0"/>
  <testcase classname="ca.uqam.inf2015.projetagile.DollarTest" name="testConvertirIntEnStringDollarNul" time="0"/>
  <testcase classname="ca.uqam.inf2015.projetagile.DollarTest" name="testSoustractionDollarException" time="0"/>
  <testcase classname="ca.uqam.inf2015.projetagile.DollarTest" name="testConvertirIntEnDoubleNul" time="0.057"/>
  <testcase classname="ca.uqam.inf2015.projetagile.DollarTest" name="testConvertirEnStringDollarException" time="0"/>
  <testcase classname="ca.uqam.inf2015.projetagile.DollarTest" name="testSoustractionDollarGrand" time="0"/>
  <testcase classname="ca.uqam.inf2015.projetagile.DollarTest" name="testSoustractionDollarPetit" time="0"/>
  <testcase classname="ca.uqam.inf2015.projetagile.DollarTest" name="testAdditionDollarNormal" time="0"/>
  <testcase classname="ca.uqam.inf2015.projetagile.DollarTest" name="testConvertirIntEnDoubleGrand" time="0"/>
  <testcase classname="ca.uqam.inf2015.projetagile.DollarTest" name="testConvertirIntEnDoublePetit" time="0"/>
  <testcase classname="ca.uqam.inf2015.projetagile.DollarTest" name="testSetMontant" time="0"/>
  <testcase classname="ca.uqam.inf2015.projetagile.DollarTest" name="testConvertirIntEnDoubleNormal" time="0"/>
  <testcase classname="ca.uqam.inf2015.projetagile.DollarTest" name="testConvertirEnStringDollarNul" time="0"/>
  <testcase classname="ca.uqam.inf2015.projetagile.DollarTest" name="testSoustractionDollarNormal" time="0"/>
  <testcase classname="ca.uqam.inf2015.projetagile.DollarTest" name="testAdditionDollarSAnnule" time="0"/>
  <testcase classname="ca.uqam.inf2015.projetagile.DollarTest" name="testAdditionDollarException" time="0"/>
  <testcase classname="ca.uqam.inf2015.projetagile.DollarTest" name="testConvertirDoubleEnStringDollarNormal" time="0.001"/>
  <testcase classname="ca.uqam.inf2015.projetagile.DollarTest" name="testConvertirDoubleEnIntGrand" time="0"/>
  <testcase classname="ca.uqam.inf2015.projetagile.DollarTest" name="testConvertirDoubleEnIntPetit" time="0"/>
  <testcase classname="ca.uqam.inf2015.projetagile.DollarTest" name="testConvertirStringDollarEnIntException" time="0"/>
  <testcase classname="ca.uqam.inf2015.projetagile.DollarTest" name="testConvertirEnStringDollarNormal" time="0"/>
  <testcase classname="ca.uqam.inf2015.projetagile.DollarTest" name="testSoustractionDollarNul" time="0"/>
  <testcase classname="ca.uqam.inf2015.projetagile.DollarTest" name="testContientVirguleFalse" time="0"/>
  <testcase classname="ca.uqam.inf2015.projetagile.DollarTest" name="testConvertirStringDollarEnDoubleException" time="0"/>
  <testcase classname="ca.uqam.inf2015.projetagile.DollarTest" name="testAdditionDollarGrand" time="0"/>
  <testcase classname="ca.uqam.inf2015.projetagile.DollarTest" name="testAdditionDollarPetit" time="0"/>
  <testcase classname="ca.uqam.inf2015.projetagile.DollarTest" name="testConvertirIntEnStringDollarGrand" time="0"/>
  <testcase classname="ca.uqam.inf2015.projetagile.DollarTest" name="testConvertirIntEnStringDollarPetit" time="0"/>
  <testcase classname="ca.uqam.inf2015.projetagile.DollarTest" name="testCalculerRemboursementPetitMontant" time="0"/>
  <testcase classname="ca.uqam.inf2015.projetagile.DollarTest" name="testAdditionDollarNul" time="0"/>
  <testcase classname="ca.uqam.inf2015.projetagile.DollarTest" name="testContientVirguleTrue" time="0"/>
  <testcase classname="ca.uqam.inf2015.projetagile.DollarTest" name="testAdditionDollarNegatif" time="0"/>
  <testcase classname="ca.uqam.inf2015.projetagile.DollarTest" name="testConvertirDoubleEnStringDollarGrand" time="0"/>
  <testcase classname="ca.uqam.inf2015.projetagile.DollarTest" name="testConvertirDoubleEnStringDollarPetit" time="0"/>
  <testcase classname="ca.uqam.inf2015.projetagile.DollarTest" name="testCalculerRemboursementException" time="0"/>
  <testcase classname="ca.uqam.inf2015.projetagile.DollarTest" name="testConvertirIntEnStringDollarNegatif" time="0.004"/>
  <testcase classname="ca.uqam.inf2015.projetagile.DollarTest" name="testConvertirStringDollarEnIntNul" time="0"/>
  <testcase classname="ca.uqam.inf2015.projetagile.DollarTest" name="testCalculerRemboursementMontantNul" time="0"/>
  <testcase classname="ca.uqam.inf2015.projetagile.DollarTest" name="testConvertirStringDollarEnDoubleNul" time="0"/>
  <testcase classname="ca.uqam.inf2015.projetagile.DollarTest" name="testSoustractionDollarSAnnule" time="0"/>
  <testcase classname="ca.uqam.inf2015.projetagile.DollarTest" name="testConvertirIntEnStringDollarNormal" time="0"/>
  <testcase classname="ca.uqam.inf2015.projetagile.DollarTest" name="testCalculerRemboursementNul" time="0"/>
  <testcase classname="ca.uqam.inf2015.projetagile.DollarTest" name="testConvertirStringDollarEnIntNormal" time="0.001"/>
  <testcase classname="ca.uqam.inf2015.projetagile.DollarTest" name="testSoustractionDollarNegatif" time="0"/>
  <testcase classname="ca.uqam.inf2015.projetagile.DollarTest" name="testConvertirEnStringDollarGrand" time="0"/>
  <testcase classname="ca.uqam.inf2015.projetagile.DollarTest" name="testConvertirEnStringDollarPetit" time="0"/>
  <testcase classname="ca.uqam.inf2015.projetagile.DollarTest" name="testCalculerRemboursementComplet" time="0"/>
</testsuite>